[2025-06-27 02:19:31] === Comparison Pipeline Start ===
[2025-06-27 02:19:31] Brainstorm already running.
[2025-06-27 02:19:34] Selected protocol: 613
[2025-06-27 02:19:34] Found 1 subjects in the protocol: Subject_001
[2025-06-27 02:19:34] --- Starting Subject 1/1: Subject_001 ---
[2025-06-27 02:19:34] Found nights for Subject_001: Night1
[2025-06-27 02:19:34] Processing Night: Night1
[2025-06-27 02:19:34] Step 1: Averaging sLORETA results...
[2025-06-27 02:19:34] Averaging stage: pre-stim
[2025-06-27 02:19:40]    => Created average file with tag: pre-stim_avg
[2025-06-27 02:19:40] Averaging stage: stim
[2025-06-27 02:19:45]    => Created average file with tag: stim_avg
[2025-06-27 02:19:45] Averaging stage: post-stim
[2025-06-27 02:19:51]    => Created average file with tag: post-stim_avg
[2025-06-27 02:19:51] Step 2: Performing power difference comparisons...
[2025-06-27 02:19:51] Comparing: Stim_vs_Pre
[2025-06-27 02:19:52]    => Created comparison condition: Stim_vs_Pre
[2025-06-27 02:19:52] Comparing: Post_vs_Stim
[2025-06-27 02:19:53]    => Created comparison condition: Post_vs_Stim
[2025-06-27 02:19:53] Comparing: Post_vs_Pre
[2025-06-27 02:19:54]    => Created comparison condition: Post_vs_Pre
[2025-06-27 02:19:54] Step 3: Generating contact sheet screenshots...
[2025-06-27 02:19:55] Screenshotting Night1_pre-stim (top) to /Users/wyh/Downloads/brainstorm_dir/613/images/Subject_001/Night1/Subject_001_Night1_Night1_pre-stim_top.png
[2025-06-27 02:20:02]    => Screenshot saved.
[2025-06-27 02:20:02] Screenshotting Night1_pre-stim (bottom) to /Users/wyh/Downloads/brainstorm_dir/613/images/Subject_001/Night1/Subject_001_Night1_Night1_pre-stim_bottom.png
[2025-06-27 02:20:07]    => Screenshot saved.
[2025-06-27 02:20:07] Screenshotting Night1_pre-stim (left_intern) to /Users/wyh/Downloads/brainstorm_dir/613/images/Subject_001/Night1/Subject_001_Night1_Night1_pre-stim_left_intern.png
[2025-06-27 02:20:12]    => Screenshot saved.
[2025-06-27 02:20:12] Screenshotting Night1_pre-stim (right_intern) to /Users/wyh/Downloads/brainstorm_dir/613/images/Subject_001/Night1/Subject_001_Night1_Night1_pre-stim_right_intern.png
[2025-06-27 02:20:17]    => Screenshot saved.
[2025-06-27 02:20:17] Screenshotting Night1_stim (top) to /Users/wyh/Downloads/brainstorm_dir/613/images/Subject_001/Night1/Subject_001_Night1_Night1_stim_top.png
[2025-06-27 02:20:23]    => Screenshot saved.
[2025-06-27 02:20:23] Screenshotting Night1_stim (bottom) to /Users/wyh/Downloads/brainstorm_dir/613/images/Subject_001/Night1/Subject_001_Night1_Night1_stim_bottom.png
[2025-06-27 02:20:28]    => Screenshot saved.
[2025-06-27 02:20:28] Screenshotting Night1_stim (left_intern) to /Users/wyh/Downloads/brainstorm_dir/613/images/Subject_001/Night1/Subject_001_Night1_Night1_stim_left_intern.png
[2025-06-27 02:20:33]    => Screenshot saved.
[2025-06-27 02:20:33] Screenshotting Night1_stim (right_intern) to /Users/wyh/Downloads/brainstorm_dir/613/images/Subject_001/Night1/Subject_001_Night1_Night1_stim_right_intern.png
[2025-06-27 02:20:38]    => Screenshot saved.
[2025-06-27 02:20:38] Screenshotting Night1_post-stim (top) to /Users/wyh/Downloads/brainstorm_dir/613/images/Subject_001/Night1/Subject_001_Night1_Night1_post-stim_top.png
[2025-06-27 02:20:44]    => Screenshot saved.
[2025-06-27 02:20:44] Screenshotting Night1_post-stim (bottom) to /Users/wyh/Downloads/brainstorm_dir/613/images/Subject_001/Night1/Subject_001_Night1_Night1_post-stim_bottom.png
[2025-06-27 02:20:49]    => Screenshot saved.
[2025-06-27 02:20:49] Screenshotting Night1_post-stim (left_intern) to /Users/wyh/Downloads/brainstorm_dir/613/images/Subject_001/Night1/Subject_001_Night1_Night1_post-stim_left_intern.png
[2025-06-27 02:20:54]    => Screenshot saved.
[2025-06-27 02:20:54] Screenshotting Night1_post-stim (right_intern) to /Users/wyh/Downloads/brainstorm_dir/613/images/Subject_001/Night1/Subject_001_Night1_Night1_post-stim_right_intern.png
[2025-06-27 02:20:59]    => Screenshot saved.
[2025-06-27 02:20:59] Screenshotting Stim_vs_Pre (top) to /Users/wyh/Downloads/brainstorm_dir/613/images/Subject_001/Night1/Subject_001_Night1_Stim_vs_Pre_top.png
[2025-06-27 02:21:05]    => Screenshot saved.
[2025-06-27 02:21:05] Screenshotting Stim_vs_Pre (bottom) to /Users/wyh/Downloads/brainstorm_dir/613/images/Subject_001/Night1/Subject_001_Night1_Stim_vs_Pre_bottom.png
[2025-06-27 02:21:10]    => Screenshot saved.
[2025-06-27 02:21:10] Screenshotting Stim_vs_Pre (left_intern) to /Users/wyh/Downloads/brainstorm_dir/613/images/Subject_001/Night1/Subject_001_Night1_Stim_vs_Pre_left_intern.png
[2025-06-27 02:21:16]    => Screenshot saved.
[2025-06-27 02:21:16] Screenshotting Stim_vs_Pre (right_intern) to /Users/wyh/Downloads/brainstorm_dir/613/images/Subject_001/Night1/Subject_001_Night1_Stim_vs_Pre_right_intern.png
[2025-06-27 02:21:21]    => Screenshot saved.
[2025-06-27 02:21:21] Screenshotting Post_vs_Stim (top) to /Users/wyh/Downloads/brainstorm_dir/613/images/Subject_001/Night1/Subject_001_Night1_Post_vs_Stim_top.png
[2025-06-27 02:21:27]    => Screenshot saved.
[2025-06-27 02:21:27] Screenshotting Post_vs_Stim (bottom) to /Users/wyh/Downloads/brainstorm_dir/613/images/Subject_001/Night1/Subject_001_Night1_Post_vs_Stim_bottom.png
[2025-06-27 02:21:33]    => Screenshot saved.
[2025-06-27 02:21:33] Screenshotting Post_vs_Stim (left_intern) to /Users/wyh/Downloads/brainstorm_dir/613/images/Subject_001/Night1/Subject_001_Night1_Post_vs_Stim_left_intern.png
[2025-06-27 02:21:38]    => Screenshot saved.
[2025-06-27 02:21:38] Screenshotting Post_vs_Stim (right_intern) to /Users/wyh/Downloads/brainstorm_dir/613/images/Subject_001/Night1/Subject_001_Night1_Post_vs_Stim_right_intern.png
[2025-06-27 02:21:43]    => Screenshot saved.
[2025-06-27 02:21:43] Screenshotting Post_vs_Pre (top) to /Users/wyh/Downloads/brainstorm_dir/613/images/Subject_001/Night1/Subject_001_Night1_Post_vs_Pre_top.png
[2025-06-27 02:21:49]    => Screenshot saved.
[2025-06-27 02:21:49] Screenshotting Post_vs_Pre (bottom) to /Users/wyh/Downloads/brainstorm_dir/613/images/Subject_001/Night1/Subject_001_Night1_Post_vs_Pre_bottom.png
[2025-06-27 02:21:55]    => Screenshot saved.
[2025-06-27 02:21:55] Screenshotting Post_vs_Pre (left_intern) to /Users/wyh/Downloads/brainstorm_dir/613/images/Subject_001/Night1/Subject_001_Night1_Post_vs_Pre_left_intern.png
[2025-06-27 02:22:00]    => Screenshot saved.
[2025-06-27 02:22:00] Screenshotting Post_vs_Pre (right_intern) to /Users/wyh/Downloads/brainstorm_dir/613/images/Subject_001/Night1/Subject_001_Night1_Post_vs_Pre_right_intern.png
[2025-06-27 02:22:06]    => Screenshot saved.
[2025-06-27 02:22:06] === Comparison Pipeline End ===
